{"log.level":"info","@timestamp":"2021-05-20T22:51:05.375Z","log.origin":{"file.name":"instance/beat.go","file.line":654},"message":"Home path: [/usr/share/apm-server] Config path: [/usr/share/apm-server] Data path: [/usr/share/apm-server/data] Logs path: [/usr/share/apm-server/logs]","ecs.version":"1.6.0"}
{"log.level":"info","@timestamp":"2021-05-20T22:51:05.378Z","log.origin":{"file.name":"instance/beat.go","file.line":662},"message":"Beat ID: 66930090-8dc2-434f-a90d-6bee0d730679","ecs.version":"1.6.0"}
{"log.level":"info","@timestamp":"2021-05-20T22:51:05.378Z","log.logger":"service","log.origin":{"file.name":"service/service.go","file.line":110},"message":"Start pprof endpoint","ecs.version":"1.6.0"}
{"log.level":"info","@timestamp":"2021-05-20T22:51:05.379Z","log.logger":"seccomp","log.origin":{"file.name":"seccomp/seccomp.go","file.line":124},"message":"Syscall filter successfully installed","ecs.version":"1.6.0"}
{"log.level":"info","@timestamp":"2021-05-20T22:51:05.379Z","log.logger":"beat","log.origin":{"file.name":"instance/beat.go","file.line":996},"message":"Beat info","system_info":{"beat":{"path":{"config":"/usr/share/apm-server","data":"/usr/share/apm-server/data","home":"/usr/share/apm-server","logs":"/usr/share/apm-server/logs"},"type":"apm-server","uuid":"66930090-8dc2-434f-a90d-6bee0d730679"},"ecs.version":"1.6.0"}}
{"log.level":"info","@timestamp":"2021-05-20T22:51:05.379Z","log.logger":"beat","log.origin":{"file.name":"instance/beat.go","file.line":1005},"message":"Build info","system_info":{"build":{"commit":"7ddcf954f2ea130e852c644ac66acffdd8f474ab","libbeat":"8.0.0","time":"2021-05-20T00:32:31.000Z","version":"8.0.0"},"ecs.version":"1.6.0"}}
{"log.level":"info","@timestamp":"2021-05-20T22:51:05.379Z","log.logger":"beat","log.origin":{"file.name":"instance/beat.go","file.line":1008},"message":"Go runtime info","system_info":{"go":{"os":"linux","arch":"amd64","max_procs":8,"version":"go1.15.12"},"ecs.version":"1.6.0"}}
{"log.level":"info","@timestamp":"2021-05-20T22:51:05.379Z","log.logger":"beat","log.origin":{"file.name":"instance/beat.go","file.line":1012},"message":"Host info","system_info":{"host":{"architecture":"x86_64","boot_time":"2021-05-20T21:56:15Z","containerized":true,"name":"fd900bc90461","ip":["127.0.0.1/8","172.18.0.4/16"],"kernel_version":"5.10.25-linuxkit","mac":["02:42:ac:12:00:04"],"os":{"type":"linux","family":"redhat","platform":"centos","name":"CentOS Linux","version":"7 (Core)","major":7,"minor":9,"patch":2009,"codename":"Core"},"timezone":"UTC","timezone_offset_sec":0,"id":"25a6edf38a452dc70fcbc42165b15cc7"},"ecs.version":"1.6.0"}}
{"log.level":"info","@timestamp":"2021-05-20T22:51:05.380Z","log.logger":"beat","log.origin":{"file.name":"instance/beat.go","file.line":1041},"message":"Process info","system_info":{"process":{"capabilities":{"inheritable":["chown","dac_override","setgid","setuid"],"permitted":null,"effective":null,"bounding":["chown","dac_override","setgid","setuid"],"ambient":null},"cwd":"/usr/share/apm-server","exe":"/usr/share/apm-server/apm-server","name":"apm-server","pid":7,"ppid":1,"seccomp":{"mode":"filter","no_new_privs":true},"start_time":"2021-05-20T22:51:04.550Z"},"ecs.version":"1.6.0"}}
{"log.level":"info","@timestamp":"2021-05-20T22:51:05.380Z","log.origin":{"file.name":"instance/beat.go","file.line":309},"message":"Setup Beat: apm-server; Version: 8.0.0","ecs.version":"1.6.0"}
{"log.level":"info","@timestamp":"2021-05-20T22:51:05.381Z","log.origin":{"file.name":"eslegclient/connection.go","file.line":99},"message":"elasticsearch url: http://elasticsearch:9200","ecs.version":"1.6.0"}
{"log.level":"info","@timestamp":"2021-05-20T22:51:05.381Z","log.logger":"publisher","log.origin":{"file.name":"pipeline/module.go","file.line":113},"message":"Beat name: fd900bc90461","ecs.version":"1.6.0"}
{"log.level":"info","@timestamp":"2021-05-20T22:51:05.382Z","log.logger":"config","log.origin":{"file.name":"config/rum.go","file.line":107},"message":"Falling back to elasticsearch output for sourcemap storage","ecs.version":"1.6.0"}
{"log.level":"info","@timestamp":"2021-05-20T22:51:05.383Z","log.logger":"beater","log.origin":{"file.name":"beater/beater.go","file.line":496},"message":"Registering pipeline callback","ecs.version":"1.6.0"}
{"log.level":"info","@timestamp":"2021-05-20T22:51:05.383Z","log.origin":{"file.name":"eslegclient/connection.go","file.line":99},"message":"elasticsearch url: http://elasticsearch:9200","ecs.version":"1.6.0"}
{"log.level":"info","@timestamp":"2021-05-20T22:51:05.384Z","log.origin":{"file.name":"instance/beat.go","file.line":473},"message":"apm-server start running.","ecs.version":"1.6.0"}
{"log.level":"info","@timestamp":"2021-05-20T22:51:05.384Z","log.logger":"tracing","log.origin":{"file.name":"instrumentation/instrumentation.go","file.line":174},"message":"APM instrumentation is enabled","ecs.version":"1.6.0"}
{"log.level":"info","@timestamp":"2021-05-20T22:51:05.384Z","log.logger":"tracing","log.origin":{"file.name":"instrumentation/instrumentation.go","file.line":180},"message":"CPU profiling: every 1m0s for 10s","ecs.version":"1.6.0"}
{"log.level":"info","@timestamp":"2021-05-20T22:51:05.384Z","log.logger":"tracing","log.origin":{"file.name":"instrumentation/instrumentation.go","file.line":186},"message":"Heap profiling: every 1m0s","ecs.version":"1.6.0"}
{"log.level":"info","@timestamp":"2021-05-20T22:51:05.386Z","log.logger":"handler","log.origin":{"file.name":"api/mux.go","file.line":109},"message":"Path / added to request handler","ecs.version":"1.6.0"}
{"log.level":"info","@timestamp":"2021-05-20T22:51:05.386Z","log.logger":"handler","log.origin":{"file.name":"api/mux.go","file.line":109},"message":"Path /assets/v1/sourcemaps added to request handler","ecs.version":"1.6.0"}
{"log.level":"info","@timestamp":"2021-05-20T22:51:05.386Z","log.logger":"agentcfg","log.origin":{"file.name":"agentcfg/cache.go","file.line":38},"message":"Cache creation with expiration 30s.","ecs.version":"1.6.0"}
{"log.level":"info","@timestamp":"2021-05-20T22:51:05.386Z","log.logger":"handler","log.origin":{"file.name":"api/mux.go","file.line":109},"message":"Path /config/v1/agents added to request handler","ecs.version":"1.6.0"}
{"log.level":"info","@timestamp":"2021-05-20T22:51:05.386Z","log.logger":"agentcfg","log.origin":{"file.name":"agentcfg/cache.go","file.line":38},"message":"Cache creation with expiration 30s.","ecs.version":"1.6.0"}
{"log.level":"info","@timestamp":"2021-05-20T22:51:05.386Z","log.logger":"handler","log.origin":{"file.name":"api/mux.go","file.line":109},"message":"Path /config/v1/rum/agents added to request handler","ecs.version":"1.6.0"}
{"log.level":"info","@timestamp":"2021-05-20T22:51:05.386Z","log.logger":"handler","log.origin":{"file.name":"api/mux.go","file.line":109},"message":"Path /intake/v2/rum/events added to request handler","ecs.version":"1.6.0"}
{"log.level":"info","@timestamp":"2021-05-20T22:51:05.386Z","log.logger":"handler","log.origin":{"file.name":"api/mux.go","file.line":109},"message":"Path /intake/v3/rum/events added to request handler","ecs.version":"1.6.0"}
{"log.level":"info","@timestamp":"2021-05-20T22:51:05.386Z","log.logger":"handler","log.origin":{"file.name":"api/mux.go","file.line":109},"message":"Path /intake/v2/events added to request handler","ecs.version":"1.6.0"}
{"log.level":"info","@timestamp":"2021-05-20T22:51:05.386Z","log.logger":"handler","log.origin":{"file.name":"api/mux.go","file.line":109},"message":"Path /intake/v2/profile added to request handler","ecs.version":"1.6.0"}
{"log.level":"info","@timestamp":"2021-05-20T22:51:05.386Z","log.logger":"config","log.origin":{"file.name":"config/rum.go","file.line":107},"message":"Falling back to elasticsearch output for sourcemap storage","ecs.version":"1.6.0"}
{"log.level":"info","@timestamp":"2021-05-20T22:51:05.386Z","log.logger":"beater","log.origin":{"file.name":"apm-server/main.go","file.line":57},"message":"creating transaction metrics aggregation with config: {Enabled:true Interval:1m0s MaxTransactionGroups:10000 HDRHistogramSignificantFigures:2}","ecs.version":"1.6.0"}
{"log.level":"info","@timestamp":"2021-05-20T22:51:05.387Z","log.logger":"beater","log.origin":{"file.name":"apm-server/main.go","file.line":72},"message":"creating service destinations aggregation with config: {Enabled:true Interval:1m0s MaxGroups:10000}","ecs.version":"1.6.0"}
{"log.level":"info","@timestamp":"2021-05-20T22:51:05.388Z","log.logger":"handler","log.origin":{"file.name":"api/mux.go","file.line":109},"message":"Path / added to request handler","ecs.version":"1.6.0"}
{"log.level":"info","@timestamp":"2021-05-20T22:51:05.388Z","log.logger":"handler","log.origin":{"file.name":"api/mux.go","file.line":109},"message":"Path /assets/v1/sourcemaps added to request handler","ecs.version":"1.6.0"}
{"log.level":"info","@timestamp":"2021-05-20T22:51:05.388Z","log.logger":"agentcfg","log.origin":{"file.name":"agentcfg/cache.go","file.line":38},"message":"Cache creation with expiration 30s.","ecs.version":"1.6.0"}
{"log.level":"info","@timestamp":"2021-05-20T22:51:05.388Z","log.logger":"handler","log.origin":{"file.name":"api/mux.go","file.line":109},"message":"Path /config/v1/agents added to request handler","ecs.version":"1.6.0"}
{"log.level":"info","@timestamp":"2021-05-20T22:51:05.388Z","log.logger":"agentcfg","log.origin":{"file.name":"agentcfg/cache.go","file.line":38},"message":"Cache creation with expiration 30s.","ecs.version":"1.6.0"}
{"log.level":"info","@timestamp":"2021-05-20T22:51:05.388Z","log.logger":"handler","log.origin":{"file.name":"api/mux.go","file.line":109},"message":"Path /config/v1/rum/agents added to request handler","ecs.version":"1.6.0"}
{"log.level":"info","@timestamp":"2021-05-20T22:51:05.388Z","log.logger":"handler","log.origin":{"file.name":"api/mux.go","file.line":109},"message":"Path /intake/v2/rum/events added to request handler","ecs.version":"1.6.0"}
{"log.level":"info","@timestamp":"2021-05-20T22:51:05.388Z","log.logger":"handler","log.origin":{"file.name":"api/mux.go","file.line":109},"message":"Path /intake/v3/rum/events added to request handler","ecs.version":"1.6.0"}
{"log.level":"info","@timestamp":"2021-05-20T22:51:05.388Z","log.logger":"handler","log.origin":{"file.name":"api/mux.go","file.line":109},"message":"Path /intake/v2/events added to request handler","ecs.version":"1.6.0"}
{"log.level":"info","@timestamp":"2021-05-20T22:51:05.388Z","log.logger":"handler","log.origin":{"file.name":"api/mux.go","file.line":109},"message":"Path /intake/v2/profile added to request handler","ecs.version":"1.6.0"}
{"log.level":"info","@timestamp":"2021-05-20T22:51:05.388Z","log.logger":"agentcfg","log.origin":{"file.name":"agentcfg/cache.go","file.line":38},"message":"Cache creation with expiration 30s.","ecs.version":"1.6.0"}
{"log.level":"info","@timestamp":"2021-05-20T22:51:05.388Z","log.logger":"agentcfg","log.origin":{"file.name":"agentcfg/cache.go","file.line":38},"message":"Cache creation with expiration 30s.","ecs.version":"1.6.0"}
{"log.level":"info","@timestamp":"2021-05-20T22:51:05.388Z","log.logger":"beater","log.origin":{"file.name":"beater/server.go","file.line":181},"message":"Starting apm-server [7ddcf954f2ea130e852c644ac66acffdd8f474ab built 2021-05-20 00:32:31 +0000 UTC]. Hit CTRL-C to stop it.","ecs.version":"1.6.0"}
{"log.level":"info","@timestamp":"2021-05-20T22:51:05.388Z","log.logger":"beater","log.origin":{"file.name":"jaeger/server.go","file.line":190},"message":"Listening for Jaeger HTTP requests on: [::]:14268","ecs.version":"1.6.0"}
{"log.level":"info","@timestamp":"2021-05-20T22:51:05.388Z","log.logger":"kibana","log.origin":{"file.name":"kibana/client.go","file.line":121},"message":"Kibana url: http://kibana:5601","ecs.version":"1.6.0"}
{"log.level":"info","@timestamp":"2021-05-20T22:51:05.389Z","log.logger":"kibana","log.origin":{"file.name":"kibana/client.go","file.line":121},"message":"Kibana url: http://kibana:5601","ecs.version":"1.6.0"}
{"log.level":"info","@timestamp":"2021-05-20T22:51:05.389Z","log.logger":"beater","log.origin":{"file.name":"jaeger/server.go","file.line":185},"message":"Listening for Jaeger gRPC requests on: [::]:14250","ecs.version":"1.6.0"}
{"log.level":"info","@timestamp":"2021-05-20T22:51:05.389Z","log.logger":"kibana","log.origin":{"file.name":"kibana/client.go","file.line":121},"message":"Kibana url: http://kibana:5601","ecs.version":"1.6.0"}
{"log.level":"info","@timestamp":"2021-05-20T22:51:05.389Z","log.logger":"kibana","log.origin":{"file.name":"kibana/client.go","file.line":121},"message":"Kibana url: http://kibana:5601","ecs.version":"1.6.0"}
{"log.level":"info","@timestamp":"2021-05-20T22:51:05.389Z","log.logger":"beater","log.origin":{"file.name":"beater/http.go","file.line":93},"message":"Listening on: [::]:8200","ecs.version":"1.6.0"}
{"log.level":"info","@timestamp":"2021-05-20T22:51:05.389Z","log.logger":"beater","log.origin":{"file.name":"beater/http.go","file.line":100},"message":"RUM endpoints enabled!","ecs.version":"1.6.0"}
{"log.level":"warn","@timestamp":"2021-05-20T22:51:05.389Z","log.logger":"beater","log.origin":{"file.name":"beater/http.go","file.line":103},"message":"CORS related setting `apm-server.rum.allow_origins` allows all origins. Consider more restrictive setting for production use.","ecs.version":"1.6.0"}
{"log.level":"info","@timestamp":"2021-05-20T22:51:05.389Z","log.logger":"onboarding","log.origin":{"file.name":"beater/onboarding.go","file.line":35},"message":"Publishing onboarding document","ecs.version":"1.6.0"}
{"log.level":"info","@timestamp":"2021-05-20T22:51:05.389Z","log.logger":"beater","log.origin":{"file.name":"beater/http.go","file.line":131},"message":"SSL disabled.","ecs.version":"1.6.0"}
{"log.level":"info","@timestamp":"2021-05-20T22:51:05.407Z","log.logger":"kibana","log.origin":{"file.name":"kibana/connecting_client.go","file.line":83},"message":"Successfully obtained connection to Kibana.","ecs.version":"1.6.0"}
{"log.level":"info","@timestamp":"2021-05-20T22:51:05.408Z","log.logger":"kibana","log.origin":{"file.name":"kibana/connecting_client.go","file.line":83},"message":"Successfully obtained connection to Kibana.","ecs.version":"1.6.0"}
{"log.level":"info","@timestamp":"2021-05-20T22:51:05.409Z","log.logger":"kibana","log.origin":{"file.name":"kibana/connecting_client.go","file.line":83},"message":"Successfully obtained connection to Kibana.","ecs.version":"1.6.0"}
{"log.level":"info","@timestamp":"2021-05-20T22:51:05.409Z","log.logger":"kibana","log.origin":{"file.name":"kibana/connecting_client.go","file.line":83},"message":"Successfully obtained connection to Kibana.","ecs.version":"1.6.0"}
{"log.level":"error","@timestamp":"2021-05-20T22:51:06.386Z","log.logger":"request","log.origin":{"file.name":"middleware/log_middleware.go","file.line":60},"message":"forbidden request","url.original":"/config/v1/agents?service.name=apm-server","http.request.method":"GET","user_agent.original":"elasticapm-go/1.11.0 go/go1.15.12","source.address":"pipe","http.request.body.bytes":0,"http.request.id":"4012ce5e-3dab-4c9d-a488-d83b0102c0c6","event.duration":166823,"http.response.status_code":403,"error.message":"forbidden request: Agent remote configuration is disabled. Configure the `apm-server.kibana` section in apm-server.yml to enable it. If you are using a RUM agent, you also need to configure the `apm-server.rum` section. If you are not using remote configuration, you can safely ignore this error.","ecs.version":"1.6.0"}
{"log.level":"info","@timestamp":"2021-05-20T22:51:06.389Z","log.logger":"publisher_pipeline_output","log.origin":{"file.name":"pipeline/output.go","file.line":143},"message":"Connecting to backoff(elasticsearch(http://elasticsearch:9200))","ecs.version":"1.6.0"}
{"log.level":"info","@timestamp":"2021-05-20T22:51:06.390Z","log.logger":"publisher","log.origin":{"file.name":"pipeline/retry.go","file.line":219},"message":"retryer: send unwait signal to consumer","ecs.version":"1.6.0"}
{"log.level":"info","@timestamp":"2021-05-20T22:51:06.390Z","log.logger":"publisher","log.origin":{"file.name":"pipeline/retry.go","file.line":223},"message":"  done","ecs.version":"1.6.0"}
{"log.level":"info","@timestamp":"2021-05-20T22:51:06.589Z","log.logger":"esclientleg","log.origin":{"file.name":"eslegclient/connection.go","file.line":314},"message":"Attempting to connect to Elasticsearch version 8.0.0-SNAPSHOT","ecs.version":"1.6.0"}
{"log.level":"info","@timestamp":"2021-05-20T22:51:06.589Z","log.logger":"esclientleg","log.origin":{"file.name":"eslegclient/connection.go","file.line":314},"message":"Attempting to connect to Elasticsearch version 8.0.0-SNAPSHOT","ecs.version":"1.6.0"}
{"log.level":"info","@timestamp":"2021-05-20T22:51:06.605Z","log.logger":"monitoring","log.origin":{"file.name":"elasticsearch/elasticsearch.go","file.line":246},"message":"Successfully connected to X-Pack Monitoring endpoint.","ecs.version":"1.6.0"}
{"log.level":"info","@timestamp":"2021-05-20T22:51:06.605Z","log.logger":"monitoring","log.origin":{"file.name":"elasticsearch/elasticsearch.go","file.line":260},"message":"Start monitoring stats metrics snapshot loop with period 10s.","ecs.version":"1.6.0"}
{"log.level":"info","@timestamp":"2021-05-20T22:51:06.605Z","log.logger":"monitoring","log.origin":{"file.name":"elasticsearch/elasticsearch.go","file.line":260},"message":"Start monitoring state metrics snapshot loop with period 1m0s.","ecs.version":"1.6.0"}
{"log.level":"info","@timestamp":"2021-05-20T22:51:06.607Z","log.logger":"esclientleg","log.origin":{"file.name":"eslegclient/connection.go","file.line":314},"message":"Attempting to connect to Elasticsearch version 8.0.0-SNAPSHOT","ecs.version":"1.6.0"}
{"log.level":"info","@timestamp":"2021-05-20T22:51:06.690Z","log.logger":"index-management","log.origin":{"file.name":"idxmgmt/manager.go","file.line":84},"message":"Overwrite ILM setup is disabled. ","ecs.version":"1.6.0"}
{"log.level":"info","@timestamp":"2021-05-20T22:51:06.690Z","log.logger":"index-management","log.origin":{"file.name":"idxmgmt/manager.go","file.line":203},"message":"Set setup.template.name to 'apm-%{[observer.version]}'.","ecs.version":"1.6.0"}
{"log.level":"info","@timestamp":"2021-05-20T22:51:06.690Z","log.logger":"index-management","log.origin":{"file.name":"idxmgmt/manager.go","file.line":205},"message":"Set setup.template.pattern to 'apm-%{[observer.version]}*'.","ecs.version":"1.6.0"}
{"log.level":"info","@timestamp":"2021-05-20T22:51:06.695Z","log.logger":"template_loader","log.origin":{"file.name":"template/load.go","file.line":123},"message":"Template apm-8.0.0 already exists and will not be overwritten.","ecs.version":"1.6.0"}
{"log.level":"info","@timestamp":"2021-05-20T22:51:06.695Z","log.logger":"index-management","log.origin":{"file.name":"idxmgmt/manager.go","file.line":211},"message":"Finished loading index template.","ecs.version":"1.6.0"}
{"log.level":"info","@timestamp":"2021-05-20T22:51:06.697Z","log.logger":"index-management.ilm","log.origin":{"file.name":"ilm/std.go","file.line":160},"message":"ILM policy apm-rollover-30-days exists already.","ecs.version":"1.6.0"}
{"log.level":"info","@timestamp":"2021-05-20T22:51:06.697Z","log.logger":"index-management","log.origin":{"file.name":"idxmgmt/manager.go","file.line":242},"message":"ILM policy apm-rollover-30-days successfully loaded.","ecs.version":"1.6.0"}
{"log.level":"info","@timestamp":"2021-05-20T22:51:06.699Z","log.logger":"template_loader","log.origin":{"file.name":"template/load.go","file.line":123},"message":"Template apm-8.0.0-profile already exists and will not be overwritten.","ecs.version":"1.6.0"}
{"log.level":"info","@timestamp":"2021-05-20T22:51:06.699Z","log.logger":"index-management","log.origin":{"file.name":"idxmgmt/manager.go","file.line":223},"message":"Finished template setup for apm-8.0.0-profile.","ecs.version":"1.6.0"}
{"log.level":"info","@timestamp":"2021-05-20T22:51:06.703Z","log.logger":"index-management.ilm","log.origin":{"file.name":"ilm/std.go","file.line":121},"message":"Index Alias apm-8.0.0-profile exists already.","ecs.version":"1.6.0"}
{"log.level":"info","@timestamp":"2021-05-20T22:51:06.703Z","log.logger":"index-management","log.origin":{"file.name":"idxmgmt/manager.go","file.line":259},"message":"Write alias apm-8.0.0-profile successfully generated.","ecs.version":"1.6.0"}
{"log.level":"info","@timestamp":"2021-05-20T22:51:06.705Z","log.logger":"template_loader","log.origin":{"file.name":"template/load.go","file.line":123},"message":"Template apm-8.0.0-span already exists and will not be overwritten.","ecs.version":"1.6.0"}
{"log.level":"info","@timestamp":"2021-05-20T22:51:06.705Z","log.logger":"index-management","log.origin":{"file.name":"idxmgmt/manager.go","file.line":223},"message":"Finished template setup for apm-8.0.0-span.","ecs.version":"1.6.0"}
{"log.level":"info","@timestamp":"2021-05-20T22:51:06.706Z","log.logger":"index-management.ilm","log.origin":{"file.name":"ilm/std.go","file.line":121},"message":"Index Alias apm-8.0.0-span exists already.","ecs.version":"1.6.0"}
{"log.level":"info","@timestamp":"2021-05-20T22:51:06.706Z","log.logger":"index-management","log.origin":{"file.name":"idxmgmt/manager.go","file.line":259},"message":"Write alias apm-8.0.0-span successfully generated.","ecs.version":"1.6.0"}
{"log.level":"info","@timestamp":"2021-05-20T22:51:06.708Z","log.logger":"template_loader","log.origin":{"file.name":"template/load.go","file.line":123},"message":"Template apm-8.0.0-transaction already exists and will not be overwritten.","ecs.version":"1.6.0"}
{"log.level":"info","@timestamp":"2021-05-20T22:51:06.708Z","log.logger":"index-management","log.origin":{"file.name":"idxmgmt/manager.go","file.line":223},"message":"Finished template setup for apm-8.0.0-transaction.","ecs.version":"1.6.0"}
{"log.level":"info","@timestamp":"2021-05-20T22:51:06.710Z","log.logger":"index-management.ilm","log.origin":{"file.name":"ilm/std.go","file.line":121},"message":"Index Alias apm-8.0.0-transaction exists already.","ecs.version":"1.6.0"}
{"log.level":"info","@timestamp":"2021-05-20T22:51:06.710Z","log.logger":"index-management","log.origin":{"file.name":"idxmgmt/manager.go","file.line":259},"message":"Write alias apm-8.0.0-transaction successfully generated.","ecs.version":"1.6.0"}
{"log.level":"info","@timestamp":"2021-05-20T22:51:06.712Z","log.logger":"template_loader","log.origin":{"file.name":"template/load.go","file.line":123},"message":"Template apm-8.0.0-error already exists and will not be overwritten.","ecs.version":"1.6.0"}
{"log.level":"info","@timestamp":"2021-05-20T22:51:06.712Z","log.logger":"index-management","log.origin":{"file.name":"idxmgmt/manager.go","file.line":223},"message":"Finished template setup for apm-8.0.0-error.","ecs.version":"1.6.0"}
{"log.level":"info","@timestamp":"2021-05-20T22:51:06.714Z","log.logger":"index-management.ilm","log.origin":{"file.name":"ilm/std.go","file.line":121},"message":"Index Alias apm-8.0.0-error exists already.","ecs.version":"1.6.0"}
{"log.level":"info","@timestamp":"2021-05-20T22:51:06.714Z","log.logger":"index-management","log.origin":{"file.name":"idxmgmt/manager.go","file.line":259},"message":"Write alias apm-8.0.0-error successfully generated.","ecs.version":"1.6.0"}
{"log.level":"info","@timestamp":"2021-05-20T22:51:06.716Z","log.logger":"template_loader","log.origin":{"file.name":"template/load.go","file.line":123},"message":"Template apm-8.0.0-metric already exists and will not be overwritten.","ecs.version":"1.6.0"}
{"log.level":"info","@timestamp":"2021-05-20T22:51:06.716Z","log.logger":"index-management","log.origin":{"file.name":"idxmgmt/manager.go","file.line":223},"message":"Finished template setup for apm-8.0.0-metric.","ecs.version":"1.6.0"}
{"log.level":"info","@timestamp":"2021-05-20T22:51:06.717Z","log.logger":"index-management.ilm","log.origin":{"file.name":"ilm/std.go","file.line":121},"message":"Index Alias apm-8.0.0-metric exists already.","ecs.version":"1.6.0"}
{"log.level":"info","@timestamp":"2021-05-20T22:51:06.717Z","log.logger":"index-management","log.origin":{"file.name":"idxmgmt/manager.go","file.line":259},"message":"Write alias apm-8.0.0-metric successfully generated.","ecs.version":"1.6.0"}
{"log.level":"info","@timestamp":"2021-05-20T22:51:06.717Z","log.logger":"index-management","log.origin":{"file.name":"idxmgmt/manager.go","file.line":126},"message":"Finished index management setup.","ecs.version":"1.6.0"}
{"log.level":"info","@timestamp":"2021-05-20T22:51:06.722Z","log.logger":"pipelines","log.origin":{"file.name":"pipeline/register.go","file.line":55},"message":"Pipeline already registered: apm","ecs.version":"1.6.0"}
{"log.level":"info","@timestamp":"2021-05-20T22:51:06.724Z","log.logger":"pipelines","log.origin":{"file.name":"pipeline/register.go","file.line":55},"message":"Pipeline already registered: apm_user_agent","ecs.version":"1.6.0"}
{"log.level":"info","@timestamp":"2021-05-20T22:51:06.726Z","log.logger":"pipelines","log.origin":{"file.name":"pipeline/register.go","file.line":55},"message":"Pipeline already registered: apm_user_geo","ecs.version":"1.6.0"}
{"log.level":"info","@timestamp":"2021-05-20T22:51:06.727Z","log.logger":"pipelines","log.origin":{"file.name":"pipeline/register.go","file.line":55},"message":"Pipeline already registered: apm_ingest_timestamp","ecs.version":"1.6.0"}
{"log.level":"info","@timestamp":"2021-05-20T22:51:06.728Z","log.logger":"pipelines","log.origin":{"file.name":"pipeline/register.go","file.line":55},"message":"Pipeline already registered: apm_remove_span_metadata","ecs.version":"1.6.0"}
{"log.level":"info","@timestamp":"2021-05-20T22:51:06.730Z","log.logger":"pipelines","log.origin":{"file.name":"pipeline/register.go","file.line":55},"message":"Pipeline already registered: apm_error_grouping_name","ecs.version":"1.6.0"}
{"log.level":"info","@timestamp":"2021-05-20T22:51:06.732Z","log.logger":"pipelines","log.origin":{"file.name":"pipeline/register.go","file.line":55},"message":"Pipeline already registered: apm_opentelemetry_metrics","ecs.version":"1.6.0"}
{"log.level":"info","@timestamp":"2021-05-20T22:51:06.732Z","log.logger":"pipelines","log.origin":{"file.name":"pipeline/register.go","file.line":58},"message":"Registered Ingest Pipelines successfully.","ecs.version":"1.6.0"}
{"log.level":"info","@timestamp":"2021-05-20T22:51:06.732Z","log.logger":"publisher_pipeline_output","log.origin":{"file.name":"pipeline/output.go","file.line":151},"message":"Connection to backoff(elasticsearch(http://elasticsearch:9200)) established","ecs.version":"1.6.0"}
{"log.level":"info","@timestamp":"2021-05-20T22:51:15.282Z","log.logger":"request","log.origin":{"file.name":"middleware/log_middleware.go","file.line":63},"message":"request ok","url.original":"/","http.request.method":"GET","user_agent.original":"curl/7.29.0","source.address":"127.0.0.1","http.request.body.bytes":0,"http.request.id":"2f2554d5-dbbe-4fb6-baf6-4922c61afcbf","event.duration":104904,"http.response.status_code":200,"ecs.version":"1.6.0"}
{"log.level":"info","@timestamp":"2021-05-20T22:51:16.611Z","log.logger":"publisher_pipeline_output","log.origin":{"file.name":"pipeline/output.go","file.line":143},"message":"Connecting to backoff(monitoring(http://elasticsearch:9200))","ecs.version":"1.6.0"}
{"log.level":"info","@timestamp":"2021-05-20T22:51:16.611Z","log.logger":"monitoring","log.origin":{"file.name":"pipeline/retry.go","file.line":219},"message":"retryer: send unwait signal to consumer","ecs.version":"1.6.0"}
{"log.level":"info","@timestamp":"2021-05-20T22:51:16.611Z","log.logger":"monitoring","log.origin":{"file.name":"pipeline/retry.go","file.line":223},"message":"  done","ecs.version":"1.6.0"}
{"log.level":"info","@timestamp":"2021-05-20T22:51:16.613Z","log.logger":"esclientleg","log.origin":{"file.name":"eslegclient/connection.go","file.line":314},"message":"Attempting to connect to Elasticsearch version 8.0.0-SNAPSHOT","ecs.version":"1.6.0"}
{"log.level":"info","@timestamp":"2021-05-20T22:51:16.629Z","log.logger":"publisher_pipeline_output","log.origin":{"file.name":"pipeline/output.go","file.line":151},"message":"Connection to backoff(monitoring(http://elasticsearch:9200)) established","ecs.version":"1.6.0"}
{"log.level":"info","@timestamp":"2021-05-20T22:51:25.353Z","log.logger":"request","log.origin":{"file.name":"middleware/log_middleware.go","file.line":63},"message":"request ok","url.original":"/","http.request.method":"GET","user_agent.original":"curl/7.29.0","source.address":"127.0.0.1","http.request.body.bytes":0,"http.request.id":"0d6134fb-f2c1-4e7e-a9e8-a336a1d7602d","event.duration":76471,"http.response.status_code":200,"ecs.version":"1.6.0"}
{"log.level":"info","@timestamp":"2021-05-20T22:51:35.408Z","log.logger":"request","log.origin":{"file.name":"middleware/log_middleware.go","file.line":63},"message":"request ok","url.original":"/","http.request.method":"GET","user_agent.original":"curl/7.29.0","source.address":"127.0.0.1","http.request.body.bytes":0,"http.request.id":"3781f9be-2a01-4662-934f-62eba6949c8e","event.duration":90210,"http.response.status_code":200,"ecs.version":"1.6.0"}
{"log.level":"info","@timestamp":"2021-05-20T22:51:45.489Z","log.logger":"request","log.origin":{"file.name":"middleware/log_middleware.go","file.line":63},"message":"request ok","url.original":"/","http.request.method":"GET","user_agent.original":"curl/7.29.0","source.address":"127.0.0.1","http.request.body.bytes":0,"http.request.id":"59676808-a1ee-449e-9c43-85ca5841191b","event.duration":149853,"http.response.status_code":200,"ecs.version":"1.6.0"}
{"log.level":"info","@timestamp":"2021-05-20T22:51:45.607Z","log.logger":"request","log.origin":{"file.name":"middleware/log_middleware.go","file.line":63},"message":"request accepted","url.original":"/intake/v2/events","http.request.method":"POST","user_agent.original":"elasticapm-go/1.11.0 go/go1.15.12","source.address":"pipe","http.request.id":"cadd6a87-6364-4976-b8a0-a52907ed7ca6","event.duration":10226197680,"http.response.status_code":202,"ecs.version":"1.6.0"}
{"log.level":"info","@timestamp":"2021-05-20T22:51:55.574Z","log.logger":"request","log.origin":{"file.name":"middleware/log_middleware.go","file.line":63},"message":"request ok","url.original":"/","http.request.method":"GET","user_agent.original":"curl/7.29.0","source.address":"127.0.0.1","http.request.body.bytes":0,"http.request.id":"89280634-f43f-4ceb-b7e5-48e7eb245a29","event.duration":85995,"http.response.status_code":200,"ecs.version":"1.6.0"}
{"log.level":"info","@timestamp":"2021-05-20T22:52:05.351Z","log.logger":"request","log.origin":{"file.name":"middleware/log_middleware.go","file.line":63},"message":"request accepted","url.original":"/intake/v2/profile","http.request.method":"POST","user_agent.original":"elasticapm-go/1.11.0 go/go1.15.12","source.address":"pipe","http.request.id":"dad33107-3851-4686-8c20-957bc327f685","event.duration":1382788,"http.response.status_code":202,"ecs.version":"1.6.0"}
{"log.level":"info","@timestamp":"2021-05-20T22:52:05.630Z","log.logger":"request","log.origin":{"file.name":"middleware/log_middleware.go","file.line":63},"message":"request ok","url.original":"/","http.request.method":"GET","user_agent.original":"curl/7.29.0","source.address":"127.0.0.1","http.request.body.bytes":0,"http.request.id":"3ec58db4-a085-4a58-906e-120cdc550b77","event.duration":91535,"http.response.status_code":200,"ecs.version":"1.6.0"}
{"log.level":"info","@timestamp":"2021-05-20T22:52:15.347Z","log.logger":"request","log.origin":{"file.name":"middleware/log_middleware.go","file.line":63},"message":"request accepted","url.original":"/intake/v2/profile","http.request.method":"POST","user_agent.original":"elasticapm-go/1.11.0 go/go1.15.12","source.address":"pipe","http.request.id":"6139a1c7-079d-469b-9301-1ae27d69173a","event.duration":423532,"http.response.status_code":202,"ecs.version":"1.6.0"}
{"log.level":"info","@timestamp":"2021-05-20T22:52:15.362Z","log.logger":"request","log.origin":{"file.name":"middleware/log_middleware.go","file.line":63},"message":"request accepted","url.original":"/intake/v2/events","http.request.method":"POST","user_agent.original":"elasticapm-go/1.11.0 go/go1.15.12","source.address":"pipe","http.request.id":"2d5fd918-0e56-4899-a2b8-47c1ad0fccd2","event.duration":10000835691,"http.response.status_code":202,"ecs.version":"1.6.0"}
{"log.level":"info","@timestamp":"2021-05-20T22:52:15.713Z","log.logger":"request","log.origin":{"file.name":"middleware/log_middleware.go","file.line":63},"message":"request ok","url.original":"/","http.request.method":"GET","user_agent.original":"curl/7.29.0","source.address":"127.0.0.1","http.request.body.bytes":0,"http.request.id":"6c70e8e7-26f9-4736-a9be-0af649545cec","event.duration":73953,"http.response.status_code":200,"ecs.version":"1.6.0"}
{"log.level":"info","@timestamp":"2021-05-20T22:52:25.790Z","log.logger":"request","log.origin":{"file.name":"middleware/log_middleware.go","file.line":63},"message":"request ok","url.original":"/","http.request.method":"GET","user_agent.original":"curl/7.29.0","source.address":"127.0.0.1","http.request.body.bytes":0,"http.request.id":"d412deb5-0e39-4267-8b72-04b1ece145c7","event.duration":85598,"http.response.status_code":200,"ecs.version":"1.6.0"}
{"log.level":"info","@timestamp":"2021-05-20T22:52:35.844Z","log.logger":"request","log.origin":{"file.name":"middleware/log_middleware.go","file.line":63},"message":"request ok","url.original":"/","http.request.method":"GET","user_agent.original":"curl/7.29.0","source.address":"127.0.0.1","http.request.body.bytes":0,"http.request.id":"033e6746-9714-4b36-85eb-b550f76cfbc8","event.duration":78251,"http.response.status_code":200,"ecs.version":"1.6.0"}
{"log.level":"info","@timestamp":"2021-05-20T22:52:45.342Z","log.logger":"request","log.origin":{"file.name":"middleware/log_middleware.go","file.line":63},"message":"request accepted","url.original":"/intake/v2/events","http.request.method":"POST","user_agent.original":"elasticapm-go/1.11.0 go/go1.15.12","source.address":"pipe","http.request.id":"ea45f48a-772c-415e-a7f0-c6589ea0279b","event.duration":9999949453,"http.response.status_code":202,"ecs.version":"1.6.0"}
{"log.level":"info","@timestamp":"2021-05-20T22:52:45.917Z","log.logger":"request","log.origin":{"file.name":"middleware/log_middleware.go","file.line":63},"message":"request ok","url.original":"/","http.request.method":"GET","user_agent.original":"curl/7.29.0","source.address":"127.0.0.1","http.request.body.bytes":0,"http.request.id":"8d48b907-f49e-47bf-973e-cd3a8884a60a","event.duration":90835,"http.response.status_code":200,"ecs.version":"1.6.0"}
{"log.level":"info","@timestamp":"2021-05-20T22:52:55.985Z","log.logger":"request","log.origin":{"file.name":"middleware/log_middleware.go","file.line":63},"message":"request ok","url.original":"/","http.request.method":"GET","user_agent.original":"curl/7.29.0","source.address":"127.0.0.1","http.request.body.bytes":0,"http.request.id":"1aba0165-b111-410f-8118-84198ea566e6","event.duration":77046,"http.response.status_code":200,"ecs.version":"1.6.0"}
{"log.level":"info","@timestamp":"2021-05-20T22:53:05.314Z","log.logger":"request","log.origin":{"file.name":"middleware/log_middleware.go","file.line":63},"message":"request accepted","url.original":"/intake/v2/profile","http.request.method":"POST","user_agent.original":"elasticapm-go/1.11.0 go/go1.15.12","source.address":"pipe","http.request.id":"0e64e565-48e9-43a9-b0ce-c2b613a47bf7","event.duration":1685739,"http.response.status_code":202,"ecs.version":"1.6.0"}
{"log.level":"info","@timestamp":"2021-05-20T22:53:06.046Z","log.logger":"request","log.origin":{"file.name":"middleware/log_middleware.go","file.line":63},"message":"request ok","url.original":"/","http.request.method":"GET","user_agent.original":"curl/7.29.0","source.address":"127.0.0.1","http.request.body.bytes":0,"http.request.id":"56a82b79-5640-4aa8-8a53-0865c066aa4e","event.duration":147563,"http.response.status_code":200,"ecs.version":"1.6.0"}
{"log.level":"info","@timestamp":"2021-05-20T22:53:15.323Z","log.logger":"request","log.origin":{"file.name":"middleware/log_middleware.go","file.line":63},"message":"request accepted","url.original":"/intake/v2/events","http.request.method":"POST","user_agent.original":"elasticapm-go/1.11.0 go/go1.15.12","source.address":"pipe","http.request.id":"dcf454e5-4a86-4459-9620-6137e261b9c2","event.duration":10000221963,"http.response.status_code":202,"ecs.version":"1.6.0"}
{"log.level":"info","@timestamp":"2021-05-20T22:53:16.122Z","log.logger":"request","log.origin":{"file.name":"middleware/log_middleware.go","file.line":63},"message":"request ok","url.original":"/","http.request.method":"GET","user_agent.original":"curl/7.29.0","source.address":"127.0.0.1","http.request.body.bytes":0,"http.request.id":"5cba96d3-c6d6-46dc-b7be-143571bf4268","event.duration":94271,"http.response.status_code":200,"ecs.version":"1.6.0"}
{"log.level":"info","@timestamp":"2021-05-20T22:53:25.307Z","log.logger":"request","log.origin":{"file.name":"middleware/log_middleware.go","file.line":63},"message":"request accepted","url.original":"/intake/v2/profile","http.request.method":"POST","user_agent.original":"elasticapm-go/1.11.0 go/go1.15.12","source.address":"pipe","http.request.id":"7ff07ef3-1ccb-4931-81ef-de02c1d536e6","event.duration":470192,"http.response.status_code":202,"ecs.version":"1.6.0"}
{"log.level":"info","@timestamp":"2021-05-20T22:53:26.198Z","log.logger":"request","log.origin":{"file.name":"middleware/log_middleware.go","file.line":63},"message":"request ok","url.original":"/","http.request.method":"GET","user_agent.original":"curl/7.29.0","source.address":"127.0.0.1","http.request.body.bytes":0,"http.request.id":"a67c963d-c012-4e61-84d9-964082904a87","event.duration":77458,"http.response.status_code":200,"ecs.version":"1.6.0"}
{"log.level":"info","@timestamp":"2021-05-20T22:53:36.245Z","log.logger":"request","log.origin":{"file.name":"middleware/log_middleware.go","file.line":63},"message":"request ok","url.original":"/","http.request.method":"GET","user_agent.original":"curl/7.29.0","source.address":"127.0.0.1","http.request.body.bytes":0,"http.request.id":"eb859099-c4ce-4ded-985a-15a843c3e17e","event.duration":93709,"http.response.status_code":200,"ecs.version":"1.6.0"}
{"log.level":"info","@timestamp":"2021-05-20T22:53:45.304Z","log.logger":"request","log.origin":{"file.name":"middleware/log_middleware.go","file.line":63},"message":"request accepted","url.original":"/intake/v2/events","http.request.method":"POST","user_agent.original":"elasticapm-go/1.11.0 go/go1.15.12","source.address":"pipe","http.request.id":"760b0574-1e82-41e0-8139-80a2295c98e6","event.duration":9999955368,"http.response.status_code":202,"ecs.version":"1.6.0"}
{"log.level":"info","@timestamp":"2021-05-20T22:53:46.327Z","log.logger":"request","log.origin":{"file.name":"middleware/log_middleware.go","file.line":63},"message":"request ok","url.original":"/","http.request.method":"GET","user_agent.original":"curl/7.29.0","source.address":"127.0.0.1","http.request.body.bytes":0,"http.request.id":"7770350c-904f-4ef9-9073-c68aa688e821","event.duration":77517,"http.response.status_code":200,"ecs.version":"1.6.0"}
{"log.level":"info","@timestamp":"2021-05-20T22:53:56.399Z","log.logger":"request","log.origin":{"file.name":"middleware/log_middleware.go","file.line":63},"message":"request ok","url.original":"/","http.request.method":"GET","user_agent.original":"curl/7.29.0","source.address":"127.0.0.1","http.request.body.bytes":0,"http.request.id":"f359a400-9cdf-4614-b4cd-f9a1791ae65d","event.duration":71645,"http.response.status_code":200,"ecs.version":"1.6.0"}
