{"type":"log","@timestamp":"2021-05-20T22:50:44+00:00","tags":["info","plugins-service"],"pid":943,"message":"Plugin \"telemetry\" is disabled."}
{"type":"log","@timestamp":"2021-05-20T22:50:44+00:00","tags":["info","plugins-service"],"pid":943,"message":"Plugin \"telemetryManagementSection\" has been disabled since the following direct or transitive dependencies are missing or disabled: [telemetry]"}
{"type":"log","@timestamp":"2021-05-20T22:50:44+00:00","tags":["info","plugins-service"],"pid":943,"message":"Plugin \"metricsEntities\" is disabled."}
{"type":"log","@timestamp":"2021-05-20T22:50:44+00:00","tags":["info","plugins-service"],"pid":943,"message":"Plugin \"timelines\" is disabled."}
{"type":"log","@timestamp":"2021-05-20T22:50:44+00:00","tags":["warning","config","deprecation"],"pid":943,"message":"plugins.scanDirs is deprecated and is no longer used"}
{"type":"log","@timestamp":"2021-05-20T22:50:44+00:00","tags":["warning","config","deprecation"],"pid":943,"message":"\"xpack.reporting.roles\" is deprecated. Granting reporting privilege through a \"reporting_user\" role will not be supported starting in 8.0. Please set 'xpack.reporting.roles.enabled' to 'false' and grant reporting privilege to users through feature controls in Management > Security > Roles"}
{"type":"log","@timestamp":"2021-05-20T22:50:44+00:00","tags":["info","http","server","NotReady"],"pid":943,"message":"http server running at http://0.0.0.0:5601"}
{"type":"log","@timestamp":"2021-05-20T22:50:44+00:00","tags":["info","plugins-system"],"pid":943,"message":"Setting up [105] plugins: [translations,taskManager,licensing,globalSearch,globalSearchProviders,banners,licenseApiGuard,usageCollection,xpackLegacy,telemetryCollectionManager,telemetryCollectionXpack,kibanaUsageCollection,securityOss,share,screenshotMode,newsfeed,mapsEms,mapsLegacy,legacyExport,kibanaLegacy,embeddable,uiActionsEnhanced,expressions,charts,esUiShared,bfetch,data,savedObjects,visualizations,visTypeXy,visTypeVislib,visTypeTimelion,features,visTypeTagcloud,visTypeTable,visTypeMetric,visTypeMarkdown,tileMap,regionMap,presentationUtil,timelion,home,searchprofiler,painlessLab,grokdebugger,graph,visTypeVega,management,watcher,licenseManagement,indexPatternManagement,advancedSettings,discover,discoverEnhanced,dashboard,dashboardEnhanced,visualize,visTypeTimeseries,inputControlVis,savedObjectsManagement,spaces,security,transform,savedObjectsTagging,lens,reporting,canvas,lists,ingestPipelines,fileUpload,maps,fileDataVisualizer,encryptedSavedObjects,dataEnhanced,dashboardMode,cloud,upgradeAssistant,snapshotRestore,fleet,indexManagement,rollup,remoteClusters,crossClusterReplication,indexLifecycleManagement,enterpriseSearch,beatsManagement,eventLog,actions,alerting,triggersActionsUi,stackAlerts,ruleRegistry,observability,osquery,ml,uptime,infra,monitoring,logstash,cases,securitySolution,console,consoleExtensions,apmOss,apm]"}
{"type":"log","@timestamp":"2021-05-20T22:50:44+00:00","tags":["info","plugins","taskManager"],"pid":943,"message":"TaskManager is identified by the Kibana UUID: 698ef2f4-6021-4002-9e22-f92c744a7f37"}
{"type":"log","@timestamp":"2021-05-20T22:50:44+00:00","tags":["warning","plugins","security","config"],"pid":943,"message":"Session cookies will be transmitted over insecure connections. This is not recommended."}
{"type":"log","@timestamp":"2021-05-20T22:50:44+00:00","tags":["warning","plugins","reporting","config"],"pid":943,"message":"Generating a random key for xpack.reporting.encryptionKey. To prevent sessions from being invalidated on restart, please set xpack.reporting.encryptionKey in the kibana.yml or use the bin/kibana-encryption-keys command."}
{"type":"log","@timestamp":"2021-05-20T22:50:44+00:00","tags":["warning","plugins","reporting","config"],"pid":943,"message":"Chromium sandbox provides an additional layer of protection, but is not supported for Linux CentOS 8.3.2011\n OS. Automatically setting 'xpack.reporting.capture.browser.chromium.disableSandbox: true'."}
{"type":"log","@timestamp":"2021-05-20T22:50:44+00:00","tags":["info","plugins","ruleRegistry"],"pid":943,"message":"Installing assets in namespace .alerts"}
{"type":"log","@timestamp":"2021-05-20T22:50:44+00:00","tags":["info","plugins","monitoring","monitoring"],"pid":943,"message":"config sourced from: production cluster"}
{"type":"log","@timestamp":"2021-05-20T22:50:45+00:00","tags":["info","savedobjects-service"],"pid":943,"message":"Waiting until all Elasticsearch nodes are compatible with Kibana before starting saved objects migrations..."}
{"type":"log","@timestamp":"2021-05-20T22:50:45+00:00","tags":["info","savedobjects-service"],"pid":943,"message":"Starting saved objects migrations"}
{"type":"log","@timestamp":"2021-05-20T22:50:45+00:00","tags":["info","savedobjects-service"],"pid":943,"message":"[.kibana_task_manager] INIT -> OUTDATED_DOCUMENTS_SEARCH_OPEN_PIT. took: 11ms."}
{"type":"log","@timestamp":"2021-05-20T22:50:45+00:00","tags":["info","savedobjects-service"],"pid":943,"message":"[.kibana] INIT -> OUTDATED_DOCUMENTS_SEARCH_OPEN_PIT. took: 19ms."}
{"type":"log","@timestamp":"2021-05-20T22:50:45+00:00","tags":["info","savedobjects-service"],"pid":943,"message":"[.kibana_task_manager] OUTDATED_DOCUMENTS_SEARCH_OPEN_PIT -> OUTDATED_DOCUMENTS_SEARCH_READ. took: 44ms."}
{"type":"log","@timestamp":"2021-05-20T22:50:45+00:00","tags":["info","savedobjects-service"],"pid":943,"message":"[.kibana] OUTDATED_DOCUMENTS_SEARCH_OPEN_PIT -> OUTDATED_DOCUMENTS_SEARCH_READ. took: 40ms."}
{"type":"log","@timestamp":"2021-05-20T22:50:45+00:00","tags":["info","savedobjects-service"],"pid":943,"message":"[.kibana] OUTDATED_DOCUMENTS_SEARCH_READ -> OUTDATED_DOCUMENTS_SEARCH_CLOSE_PIT. took: 24ms."}
{"type":"log","@timestamp":"2021-05-20T22:50:45+00:00","tags":["info","savedobjects-service"],"pid":943,"message":"[.kibana_task_manager] OUTDATED_DOCUMENTS_SEARCH_READ -> OUTDATED_DOCUMENTS_SEARCH_CLOSE_PIT. took: 28ms."}
{"type":"log","@timestamp":"2021-05-20T22:50:45+00:00","tags":["info","savedobjects-service"],"pid":943,"message":"[.kibana_task_manager] OUTDATED_DOCUMENTS_SEARCH_CLOSE_PIT -> UPDATE_TARGET_MAPPINGS. took: 4ms."}
{"type":"log","@timestamp":"2021-05-20T22:50:45+00:00","tags":["info","savedobjects-service"],"pid":943,"message":"[.kibana] OUTDATED_DOCUMENTS_SEARCH_CLOSE_PIT -> UPDATE_TARGET_MAPPINGS. took: 7ms."}
{"type":"log","@timestamp":"2021-05-20T22:50:45+00:00","tags":["info","savedobjects-service"],"pid":943,"message":"[.kibana_task_manager] UPDATE_TARGET_MAPPINGS -> UPDATE_TARGET_MAPPINGS_WAIT_FOR_TASK. took: 127ms."}
{"type":"log","@timestamp":"2021-05-20T22:50:45+00:00","tags":["info","savedobjects-service"],"pid":943,"message":"[.kibana] UPDATE_TARGET_MAPPINGS -> UPDATE_TARGET_MAPPINGS_WAIT_FOR_TASK. took: 128ms."}
{"type":"log","@timestamp":"2021-05-20T22:50:45+00:00","tags":["info","savedobjects-service"],"pid":943,"message":"[.kibana_task_manager] UPDATE_TARGET_MAPPINGS_WAIT_FOR_TASK -> DONE. took: 122ms."}
{"type":"log","@timestamp":"2021-05-20T22:50:45+00:00","tags":["info","savedobjects-service"],"pid":943,"message":"[.kibana_task_manager] Migration completed after 337ms"}
{"type":"log","@timestamp":"2021-05-20T22:50:45+00:00","tags":["info","savedobjects-service"],"pid":943,"message":"[.kibana] UPDATE_TARGET_MAPPINGS_WAIT_FOR_TASK -> DONE. took: 313ms."}
{"type":"log","@timestamp":"2021-05-20T22:50:45+00:00","tags":["info","savedobjects-service"],"pid":943,"message":"[.kibana] Migration completed after 531ms"}
{"type":"log","@timestamp":"2021-05-20T22:50:45+00:00","tags":["info","plugins-system"],"pid":943,"message":"Starting [105] plugins: [translations,taskManager,licensing,globalSearch,globalSearchProviders,banners,licenseApiGuard,usageCollection,xpackLegacy,telemetryCollectionManager,telemetryCollectionXpack,kibanaUsageCollection,securityOss,share,screenshotMode,newsfeed,mapsEms,mapsLegacy,legacyExport,kibanaLegacy,embeddable,uiActionsEnhanced,expressions,charts,esUiShared,bfetch,data,savedObjects,visualizations,visTypeXy,visTypeVislib,visTypeTimelion,features,visTypeTagcloud,visTypeTable,visTypeMetric,visTypeMarkdown,tileMap,regionMap,presentationUtil,timelion,home,searchprofiler,painlessLab,grokdebugger,graph,visTypeVega,management,watcher,licenseManagement,indexPatternManagement,advancedSettings,discover,discoverEnhanced,dashboard,dashboardEnhanced,visualize,visTypeTimeseries,inputControlVis,savedObjectsManagement,spaces,security,transform,savedObjectsTagging,lens,reporting,canvas,lists,ingestPipelines,fileUpload,maps,fileDataVisualizer,encryptedSavedObjects,dataEnhanced,dashboardMode,cloud,upgradeAssistant,snapshotRestore,fleet,indexManagement,rollup,remoteClusters,crossClusterReplication,indexLifecycleManagement,enterpriseSearch,beatsManagement,eventLog,actions,alerting,triggersActionsUi,stackAlerts,ruleRegistry,observability,osquery,ml,uptime,infra,monitoring,logstash,cases,securitySolution,console,consoleExtensions,apmOss,apm]"}
{"type":"log","@timestamp":"2021-05-20T22:50:49+00:00","tags":["info","http","server","Kibana"],"pid":943,"message":"http server running at http://0.0.0.0:5601"}
{"type":"log","@timestamp":"2021-05-20T22:50:49+00:00","tags":["info","plugins","monitoring","monitoring","kibana-monitoring"],"pid":943,"message":"Starting monitoring stats collection"}
{"type":"log","@timestamp":"2021-05-20T22:50:50+00:00","tags":["info","plugins","ruleRegistry"],"pid":943,"message":"Installed all assets"}
{"type":"log","@timestamp":"2021-05-20T22:50:50+00:00","tags":["info","plugins","reporting"],"pid":943,"message":"Browser executable: /usr/share/kibana/x-pack/plugins/reporting/chromium/headless_shell-linux_x64/headless_shell"}
{"type":"log","@timestamp":"2021-05-20T22:50:50+00:00","tags":["warning","plugins","reporting"],"pid":943,"message":"Enabling the Chromium sandbox provides an additional layer of protection."}
{"type":"log","@timestamp":"2021-05-20T22:50:50+00:00","tags":["info","plugins","securitySolution"],"pid":943,"message":"Dependent plugin setup complete - Starting ManifestTask"}
